<?xml version="1.0" encoding="UTF-8"?>
<testsuite xmlns:xsi="http://www.w3.org/2001/XMLSchema-instance" xsi:noNamespaceSchemaLocation="https://maven.apache.org/surefire/maven-surefire-plugin/xsd/surefire-test-report-3.0.xsd" version="3.0" name="com.utfpr.RegressaoLinearTest" time="0.049" tests="5" errors="0" skipped="0" failures="0">
  <properties>
[...]
</properties>
  <testcase name="testeCalcularRegressaoComListaVazia" classname="com.utfpr.RegressaoLinearTest" time="0.024"/>
  <testcase name="testePrimeiroCaso" classname="com.utfpr.RegressaoLinearTest" time="0.003"/>
  <testcase name="testeQuartoCaso" classname="com.utfpr.RegressaoLinearTest" time="0.001"/>
  <testcase name="testeTerceiroCaso" classname="com.utfpr.RegressaoLinearTest" time="0.001"/>
  <testcase name="testeSegundoCaso" classname="com.utfpr.RegressaoLinearTest" time="0.001"/>
</testsuite>